{"op_code":0,"worker_id":"fc6ff54e-ed15-477b-9ff1-2f93559c697a-8372506432","study_name":"baseline_lr","directions":[2]}
{"op_code":4,"worker_id":"b3f02c24-2137-45ab-815d-7f12c79403ea-8372506432","study_id":0,"datetime_start":"2025-11-05T13:30:57.380209"}
{"op_code":5,"worker_id":"b3f02c24-2137-45ab-815d-7f12c79403ea-8372506432","trial_id":0,"param_name":"solver","param_value_internal":2,"distribution":"{\"name\": \"CategoricalDistribution\", \"attributes\": {\"choices\": [\"lbfgs\", \"liblinear\", \"newton-cg\"]}}"}
{"op_code":5,"worker_id":"b3f02c24-2137-45ab-815d-7f12c79403ea-8372506432","trial_id":0,"param_name":"C","param_value_internal":4.3002482330268686e-07,"distribution":"{\"name\": \"FloatDistribution\", \"attributes\": {\"step\": null, \"low\": 1e-07, \"high\": 10.0, \"log\": true}}"}
{"op_code":6,"worker_id":"b3f02c24-2137-45ab-815d-7f12c79403ea-8372506432","trial_id":0,"state":1,"values":[0.6808608058608058],"datetime_complete":"2025-11-05T13:31:07.062885"}
{"op_code":0,"worker_id":"862dfeda-54ab-4cc1-b62e-a0d1a1708113-8372506432","study_name":"baseline_lr","directions":[2]}
{"op_code":4,"worker_id":"640b454f-a5bb-41b2-b0f3-a6cb43844574-8372506432","study_id":0,"datetime_start":"2025-11-05T13:32:56.202167"}
{"op_code":5,"worker_id":"640b454f-a5bb-41b2-b0f3-a6cb43844574-8372506432","trial_id":1,"param_name":"solver","param_value_internal":2,"distribution":"{\"name\": \"CategoricalDistribution\", \"attributes\": {\"choices\": [\"lbfgs\", \"liblinear\", \"newton-cg\"]}}"}
{"op_code":5,"worker_id":"640b454f-a5bb-41b2-b0f3-a6cb43844574-8372506432","trial_id":1,"param_name":"C","param_value_internal":2.2200636046294827e-05,"distribution":"{\"name\": \"FloatDistribution\", \"attributes\": {\"step\": null, \"low\": 1e-07, \"high\": 10.0, \"log\": true}}"}
{"op_code":4,"worker_id":"f2cc04e3-f43d-4060-89b6-0199ec076249-8372506432","study_id":0,"datetime_start":"2025-11-05T13:32:56.223338"}
{"op_code":5,"worker_id":"f2cc04e3-f43d-4060-89b6-0199ec076249-8372506432","trial_id":2,"param_name":"solver","param_value_internal":0,"distribution":"{\"name\": \"CategoricalDistribution\", \"attributes\": {\"choices\": [\"lbfgs\", \"liblinear\", \"newton-cg\"]}}"}
{"op_code":5,"worker_id":"f2cc04e3-f43d-4060-89b6-0199ec076249-8372506432","trial_id":2,"param_name":"C","param_value_internal":5.99203044423402,"distribution":"{\"name\": \"FloatDistribution\", \"attributes\": {\"step\": null, \"low\": 1e-07, \"high\": 10.0, \"log\": true}}"}
{"op_code":4,"worker_id":"befb5e46-452e-4521-9c76-7088677036e2-8372506432","study_id":0,"datetime_start":"2025-11-05T13:32:56.227492"}
{"op_code":4,"worker_id":"5d63a97f-c5f1-4f69-92b1-0051b1a15033-8372506432","study_id":0,"datetime_start":"2025-11-05T13:32:56.229463"}
{"op_code":5,"worker_id":"befb5e46-452e-4521-9c76-7088677036e2-8372506432","trial_id":3,"param_name":"solver","param_value_internal":2,"distribution":"{\"name\": \"CategoricalDistribution\", \"attributes\": {\"choices\": [\"lbfgs\", \"liblinear\", \"newton-cg\"]}}"}
{"op_code":5,"worker_id":"5d63a97f-c5f1-4f69-92b1-0051b1a15033-8372506432","trial_id":4,"param_name":"solver","param_value_internal":0,"distribution":"{\"name\": \"CategoricalDistribution\", \"attributes\": {\"choices\": [\"lbfgs\", \"liblinear\", \"newton-cg\"]}}"}
{"op_code":5,"worker_id":"5d63a97f-c5f1-4f69-92b1-0051b1a15033-8372506432","trial_id":4,"param_name":"C","param_value_internal":0.9629468440482275,"distribution":"{\"name\": \"FloatDistribution\", \"attributes\": {\"step\": null, \"low\": 1e-07, \"high\": 10.0, \"log\": true}}"}
{"op_code":5,"worker_id":"befb5e46-452e-4521-9c76-7088677036e2-8372506432","trial_id":3,"param_name":"C","param_value_internal":4.3895752331317717e-07,"distribution":"{\"name\": \"FloatDistribution\", \"attributes\": {\"step\": null, \"low\": 1e-07, \"high\": 10.0, \"log\": true}}"}
{"op_code":4,"worker_id":"a084e176-a835-4d82-9b51-7a7a271f5e51-8372506432","study_id":0,"datetime_start":"2025-11-05T13:32:56.258973"}
{"op_code":5,"worker_id":"a084e176-a835-4d82-9b51-7a7a271f5e51-8372506432","trial_id":5,"param_name":"solver","param_value_internal":2,"distribution":"{\"name\": \"CategoricalDistribution\", \"attributes\": {\"choices\": [\"lbfgs\", \"liblinear\", \"newton-cg\"]}}"}
{"op_code":5,"worker_id":"a084e176-a835-4d82-9b51-7a7a271f5e51-8372506432","trial_id":5,"param_name":"C","param_value_internal":0.0008197401977986067,"distribution":"{\"name\": \"FloatDistribution\", \"attributes\": {\"step\": null, \"low\": 1e-07, \"high\": 10.0, \"log\": true}}"}
{"op_code":4,"worker_id":"51ee2016-217e-47be-a895-e1ec33568afa-8372506432","study_id":0,"datetime_start":"2025-11-05T13:32:56.265539"}
{"op_code":5,"worker_id":"51ee2016-217e-47be-a895-e1ec33568afa-8372506432","trial_id":6,"param_name":"solver","param_value_internal":2,"distribution":"{\"name\": \"CategoricalDistribution\", \"attributes\": {\"choices\": [\"lbfgs\", \"liblinear\", \"newton-cg\"]}}"}
{"op_code":5,"worker_id":"51ee2016-217e-47be-a895-e1ec33568afa-8372506432","trial_id":6,"param_name":"C","param_value_internal":8.571716852782568e-06,"distribution":"{\"name\": \"FloatDistribution\", \"attributes\": {\"step\": null, \"low\": 1e-07, \"high\": 10.0, \"log\": true}}"}
{"op_code":4,"worker_id":"d653416e-3806-4543-b364-354a3defb020-8372506432","study_id":0,"datetime_start":"2025-11-05T13:32:56.287488"}
{"op_code":5,"worker_id":"d653416e-3806-4543-b364-354a3defb020-8372506432","trial_id":7,"param_name":"solver","param_value_internal":0,"distribution":"{\"name\": \"CategoricalDistribution\", \"attributes\": {\"choices\": [\"lbfgs\", \"liblinear\", \"newton-cg\"]}}"}
{"op_code":5,"worker_id":"d653416e-3806-4543-b364-354a3defb020-8372506432","trial_id":7,"param_name":"C","param_value_internal":0.001747974274201077,"distribution":"{\"name\": \"FloatDistribution\", \"attributes\": {\"step\": null, \"low\": 1e-07, \"high\": 10.0, \"log\": true}}"}
{"op_code":4,"worker_id":"4a3b83cb-e4bd-4ca9-af32-038e61827d47-8372506432","study_id":0,"datetime_start":"2025-11-05T13:32:56.297617"}
{"op_code":5,"worker_id":"4a3b83cb-e4bd-4ca9-af32-038e61827d47-8372506432","trial_id":8,"param_name":"solver","param_value_internal":1,"distribution":"{\"name\": \"CategoricalDistribution\", \"attributes\": {\"choices\": [\"lbfgs\", \"liblinear\", \"newton-cg\"]}}"}
{"op_code":5,"worker_id":"4a3b83cb-e4bd-4ca9-af32-038e61827d47-8372506432","trial_id":8,"param_name":"C","param_value_internal":0.00045138035233480205,"distribution":"{\"name\": \"FloatDistribution\", \"attributes\": {\"step\": null, \"low\": 1e-07, \"high\": 10.0, \"log\": true}}"}
{"op_code":4,"worker_id":"f1bc25b2-1bcd-4f8e-b6cd-67cfcf4a8755-8372506432","study_id":0,"datetime_start":"2025-11-05T13:32:56.346856"}
{"op_code":5,"worker_id":"f1bc25b2-1bcd-4f8e-b6cd-67cfcf4a8755-8372506432","trial_id":9,"param_name":"solver","param_value_internal":0,"distribution":"{\"name\": \"CategoricalDistribution\", \"attributes\": {\"choices\": [\"lbfgs\", \"liblinear\", \"newton-cg\"]}}"}
{"op_code":5,"worker_id":"f1bc25b2-1bcd-4f8e-b6cd-67cfcf4a8755-8372506432","trial_id":9,"param_name":"C","param_value_internal":1.1408447896155511e-05,"distribution":"{\"name\": \"FloatDistribution\", \"attributes\": {\"step\": null, \"low\": 1e-07, \"high\": 10.0, \"log\": true}}"}
{"op_code":4,"worker_id":"769cc4fe-4ddf-4069-bca2-82d738d62bd8-8372506432","study_id":0,"datetime_start":"2025-11-05T13:32:56.363704"}
{"op_code":5,"worker_id":"769cc4fe-4ddf-4069-bca2-82d738d62bd8-8372506432","trial_id":10,"param_name":"solver","param_value_internal":0,"distribution":"{\"name\": \"CategoricalDistribution\", \"attributes\": {\"choices\": [\"lbfgs\", \"liblinear\", \"newton-cg\"]}}"}
{"op_code":5,"worker_id":"769cc4fe-4ddf-4069-bca2-82d738d62bd8-8372506432","trial_id":10,"param_name":"C","param_value_internal":0.01368230863155747,"distribution":"{\"name\": \"FloatDistribution\", \"attributes\": {\"step\": null, \"low\": 1e-07, \"high\": 10.0, \"log\": true}}"}
{"op_code":4,"worker_id":"173c1133-8201-4934-8f40-28c1a9cdbe39-8372506432","study_id":0,"datetime_start":"2025-11-05T13:32:56.416727"}
{"op_code":5,"worker_id":"173c1133-8201-4934-8f40-28c1a9cdbe39-8372506432","trial_id":11,"param_name":"solver","param_value_internal":2,"distribution":"{\"name\": \"CategoricalDistribution\", \"attributes\": {\"choices\": [\"lbfgs\", \"liblinear\", \"newton-cg\"]}}"}
{"op_code":5,"worker_id":"173c1133-8201-4934-8f40-28c1a9cdbe39-8372506432","trial_id":11,"param_name":"C","param_value_internal":9.104166106506888,"distribution":"{\"name\": \"FloatDistribution\", \"attributes\": {\"step\": null, \"low\": 1e-07, \"high\": 10.0, \"log\": true}}"}
{"op_code":6,"worker_id":"f2cc04e3-f43d-4060-89b6-0199ec076249-8372506432","trial_id":2,"state":1,"values":[0.7028897028897028],"datetime_complete":"2025-11-05T13:33:13.833881"}
{"op_code":4,"worker_id":"24db6cf2-a249-44df-8d61-eaf3856edfec-8372506432","study_id":0,"datetime_start":"2025-11-05T13:33:13.860503"}
{"op_code":5,"worker_id":"24db6cf2-a249-44df-8d61-eaf3856edfec-8372506432","trial_id":12,"param_name":"solver","param_value_internal":0,"distribution":"{\"name\": \"CategoricalDistribution\", \"attributes\": {\"choices\": [\"lbfgs\", \"liblinear\", \"newton-cg\"]}}"}
{"op_code":5,"worker_id":"24db6cf2-a249-44df-8d61-eaf3856edfec-8372506432","trial_id":12,"param_name":"C","param_value_internal":1.8272716785449387e-06,"distribution":"{\"name\": \"FloatDistribution\", \"attributes\": {\"step\": null, \"low\": 1e-07, \"high\": 10.0, \"log\": true}}"}
{"op_code":6,"worker_id":"5d63a97f-c5f1-4f69-92b1-0051b1a15033-8372506432","trial_id":4,"state":1,"values":[0.6871184371184372],"datetime_complete":"2025-11-05T13:33:14.229199"}
{"op_code":4,"worker_id":"2be5299d-5415-49b3-856a-705d236acaaa-8372506432","study_id":0,"datetime_start":"2025-11-05T13:33:14.234113"}
{"op_code":5,"worker_id":"2be5299d-5415-49b3-856a-705d236acaaa-8372506432","trial_id":13,"param_name":"solver","param_value_internal":1,"distribution":"{\"name\": \"CategoricalDistribution\", \"attributes\": {\"choices\": [\"lbfgs\", \"liblinear\", \"newton-cg\"]}}"}
{"op_code":5,"worker_id":"2be5299d-5415-49b3-856a-705d236acaaa-8372506432","trial_id":13,"param_name":"C","param_value_internal":0.2458013902828497,"distribution":"{\"name\": \"FloatDistribution\", \"attributes\": {\"step\": null, \"low\": 1e-07, \"high\": 10.0, \"log\": true}}"}
{"op_code":6,"worker_id":"769cc4fe-4ddf-4069-bca2-82d738d62bd8-8372506432","trial_id":10,"state":1,"values":[0.682081807081807],"datetime_complete":"2025-11-05T13:33:14.237475"}
{"op_code":4,"worker_id":"54d4600b-1c9d-4102-97a9-d263f8ee29de-8372506432","study_id":0,"datetime_start":"2025-11-05T13:33:14.244307"}
{"op_code":5,"worker_id":"54d4600b-1c9d-4102-97a9-d263f8ee29de-8372506432","trial_id":14,"param_name":"solver","param_value_internal":0,"distribution":"{\"name\": \"CategoricalDistribution\", \"attributes\": {\"choices\": [\"lbfgs\", \"liblinear\", \"newton-cg\"]}}"}
{"op_code":5,"worker_id":"54d4600b-1c9d-4102-97a9-d263f8ee29de-8372506432","trial_id":14,"param_name":"C","param_value_internal":9.64007758067684e-06,"distribution":"{\"name\": \"FloatDistribution\", \"attributes\": {\"step\": null, \"low\": 1e-07, \"high\": 10.0, \"log\": true}}"}
{"op_code":6,"worker_id":"a084e176-a835-4d82-9b51-7a7a271f5e51-8372506432","trial_id":5,"state":1,"values":[0.6808608058608058],"datetime_complete":"2025-11-05T13:33:14.256525"}
{"op_code":4,"worker_id":"6416b452-74e6-4bd6-b829-408f563d7a96-8372506432","study_id":0,"datetime_start":"2025-11-05T13:33:14.261613"}
{"op_code":5,"worker_id":"6416b452-74e6-4bd6-b829-408f563d7a96-8372506432","trial_id":15,"param_name":"solver","param_value_internal":2,"distribution":"{\"name\": \"CategoricalDistribution\", \"attributes\": {\"choices\": [\"lbfgs\", \"liblinear\", \"newton-cg\"]}}"}
{"op_code":5,"worker_id":"6416b452-74e6-4bd6-b829-408f563d7a96-8372506432","trial_id":15,"param_name":"C","param_value_internal":0.00027937372481911306,"distribution":"{\"name\": \"FloatDistribution\", \"attributes\": {\"step\": null, \"low\": 1e-07, \"high\": 10.0, \"log\": true}}"}
{"op_code":6,"worker_id":"4a3b83cb-e4bd-4ca9-af32-038e61827d47-8372506432","trial_id":8,"state":1,"values":[0.6814713064713064],"datetime_complete":"2025-11-05T13:33:14.363139"}
{"op_code":6,"worker_id":"640b454f-a5bb-41b2-b0f3-a6cb43844574-8372506432","trial_id":1,"state":1,"values":[0.6808608058608058],"datetime_complete":"2025-11-05T13:33:14.363321"}
{"op_code":4,"worker_id":"f915e9e9-e3df-4547-bbfd-83aa08e5bfbc-8372506432","study_id":0,"datetime_start":"2025-11-05T13:33:14.375931"}
{"op_code":5,"worker_id":"f915e9e9-e3df-4547-bbfd-83aa08e5bfbc-8372506432","trial_id":16,"param_name":"solver","param_value_internal":1,"distribution":"{\"name\": \"CategoricalDistribution\", \"attributes\": {\"choices\": [\"lbfgs\", \"liblinear\", \"newton-cg\"]}}"}
{"op_code":5,"worker_id":"f915e9e9-e3df-4547-bbfd-83aa08e5bfbc-8372506432","trial_id":16,"param_name":"C","param_value_internal":0.036985768039043826,"distribution":"{\"name\": \"FloatDistribution\", \"attributes\": {\"step\": null, \"low\": 1e-07, \"high\": 10.0, \"log\": true}}"}
{"op_code":6,"worker_id":"173c1133-8201-4934-8f40-28c1a9cdbe39-8372506432","trial_id":11,"state":1,"values":[0.704212454212454],"datetime_complete":"2025-11-05T13:33:14.403686"}
{"op_code":4,"worker_id":"11c2f279-af62-4216-bdab-ce1dbe941ced-8372506432","study_id":0,"datetime_start":"2025-11-05T13:33:14.410957"}
{"op_code":5,"worker_id":"11c2f279-af62-4216-bdab-ce1dbe941ced-8372506432","trial_id":17,"param_name":"solver","param_value_internal":0,"distribution":"{\"name\": \"CategoricalDistribution\", \"attributes\": {\"choices\": [\"lbfgs\", \"liblinear\", \"newton-cg\"]}}"}
{"op_code":4,"worker_id":"3d76c10d-aa9d-45f0-88cd-36a347ddc9b0-8372506432","study_id":0,"datetime_start":"2025-11-05T13:33:14.412254"}
{"op_code":5,"worker_id":"3d76c10d-aa9d-45f0-88cd-36a347ddc9b0-8372506432","trial_id":18,"param_name":"solver","param_value_internal":1,"distribution":"{\"name\": \"CategoricalDistribution\", \"attributes\": {\"choices\": [\"lbfgs\", \"liblinear\", \"newton-cg\"]}}"}
{"op_code":5,"worker_id":"3d76c10d-aa9d-45f0-88cd-36a347ddc9b0-8372506432","trial_id":18,"param_name":"C","param_value_internal":1.8439180141329625e-06,"distribution":"{\"name\": \"FloatDistribution\", \"attributes\": {\"step\": null, \"low\": 1e-07, \"high\": 10.0, \"log\": true}}"}
{"op_code":5,"worker_id":"11c2f279-af62-4216-bdab-ce1dbe941ced-8372506432","trial_id":17,"param_name":"C","param_value_internal":1.0438024597368895e-07,"distribution":"{\"name\": \"FloatDistribution\", \"attributes\": {\"step\": null, \"low\": 1e-07, \"high\": 10.0, \"log\": true}}"}
{"op_code":6,"worker_id":"d653416e-3806-4543-b364-354a3defb020-8372506432","trial_id":7,"state":1,"values":[0.6802503052503052],"datetime_complete":"2025-11-05T13:33:14.525886"}
{"op_code":4,"worker_id":"47329d18-acb3-4549-b50f-192fe2560d5c-8372506432","study_id":0,"datetime_start":"2025-11-05T13:33:14.533295"}
{"op_code":5,"worker_id":"47329d18-acb3-4549-b50f-192fe2560d5c-8372506432","trial_id":19,"param_name":"solver","param_value_internal":2,"distribution":"{\"name\": \"CategoricalDistribution\", \"attributes\": {\"choices\": [\"lbfgs\", \"liblinear\", \"newton-cg\"]}}"}
{"op_code":5,"worker_id":"47329d18-acb3-4549-b50f-192fe2560d5c-8372506432","trial_id":19,"param_name":"C","param_value_internal":5.048238423913908e-07,"distribution":"{\"name\": \"FloatDistribution\", \"attributes\": {\"step\": null, \"low\": 1e-07, \"high\": 10.0, \"log\": true}}"}
{"op_code":6,"worker_id":"51ee2016-217e-47be-a895-e1ec33568afa-8372506432","trial_id":6,"state":1,"values":[0.6808608058608058],"datetime_complete":"2025-11-05T13:33:14.553014"}
{"op_code":4,"worker_id":"a86215b2-8d41-4fd9-8c0c-a51230286a3c-8372506432","study_id":0,"datetime_start":"2025-11-05T13:33:14.574149"}
{"op_code":5,"worker_id":"a86215b2-8d41-4fd9-8c0c-a51230286a3c-8372506432","trial_id":20,"param_name":"solver","param_value_internal":1,"distribution":"{\"name\": \"CategoricalDistribution\", \"attributes\": {\"choices\": [\"lbfgs\", \"liblinear\", \"newton-cg\"]}}"}
{"op_code":5,"worker_id":"a86215b2-8d41-4fd9-8c0c-a51230286a3c-8372506432","trial_id":20,"param_name":"C","param_value_internal":0.21169948489961973,"distribution":"{\"name\": \"FloatDistribution\", \"attributes\": {\"step\": null, \"low\": 1e-07, \"high\": 10.0, \"log\": true}}"}
{"op_code":6,"worker_id":"f1bc25b2-1bcd-4f8e-b6cd-67cfcf4a8755-8372506432","trial_id":9,"state":1,"values":[0.6808608058608058],"datetime_complete":"2025-11-05T13:33:14.706119"}
{"op_code":6,"worker_id":"befb5e46-452e-4521-9c76-7088677036e2-8372506432","trial_id":3,"state":1,"values":[0.6808608058608058],"datetime_complete":"2025-11-05T13:33:14.834767"}
{"op_code":6,"worker_id":"24db6cf2-a249-44df-8d61-eaf3856edfec-8372506432","trial_id":12,"state":1,"values":[0.6808608058608058],"datetime_complete":"2025-11-05T13:33:27.448349"}
{"op_code":6,"worker_id":"6416b452-74e6-4bd6-b829-408f563d7a96-8372506432","trial_id":15,"state":1,"values":[0.6808608058608058],"datetime_complete":"2025-11-05T13:33:27.616525"}
{"op_code":6,"worker_id":"54d4600b-1c9d-4102-97a9-d263f8ee29de-8372506432","trial_id":14,"state":1,"values":[0.6808608058608058],"datetime_complete":"2025-11-05T13:33:27.974154"}
{"op_code":6,"worker_id":"2be5299d-5415-49b3-856a-705d236acaaa-8372506432","trial_id":13,"state":1,"values":[0.6814204314204315],"datetime_complete":"2025-11-05T13:33:28.000240"}
{"op_code":6,"worker_id":"f915e9e9-e3df-4547-bbfd-83aa08e5bfbc-8372506432","trial_id":16,"state":1,"values":[0.6814713064713064],"datetime_complete":"2025-11-05T13:33:28.038832"}
{"op_code":6,"worker_id":"3d76c10d-aa9d-45f0-88cd-36a347ddc9b0-8372506432","trial_id":18,"state":1,"values":[0.6808608058608058],"datetime_complete":"2025-11-05T13:33:28.054236"}
{"op_code":6,"worker_id":"47329d18-acb3-4549-b50f-192fe2560d5c-8372506432","trial_id":19,"state":1,"values":[0.6808608058608058],"datetime_complete":"2025-11-05T13:33:28.203484"}
{"op_code":6,"worker_id":"a86215b2-8d41-4fd9-8c0c-a51230286a3c-8372506432","trial_id":20,"state":1,"values":[0.6820309320309321],"datetime_complete":"2025-11-05T13:33:28.208709"}
{"op_code":6,"worker_id":"11c2f279-af62-4216-bdab-ce1dbe941ced-8372506432","trial_id":17,"state":1,"values":[0.6808608058608058],"datetime_complete":"2025-11-05T13:33:28.212998"}
{"op_code":0,"worker_id":"a4c647bf-1ab4-4036-88fa-783540f86eed-8372506432","study_name":"baseline_lr","directions":[2]}
{"op_code":4,"worker_id":"a4c647bf-1ab4-4036-88fa-783540f86eed-8372506432","study_id":0,"datetime_start":"2025-11-05T13:52:31.675341"}
{"op_code":5,"worker_id":"a4c647bf-1ab4-4036-88fa-783540f86eed-8372506432","trial_id":21,"param_name":"solver","param_value_internal":0,"distribution":"{\"name\": \"CategoricalDistribution\", \"attributes\": {\"choices\": [\"lbfgs\", \"liblinear\", \"newton-cg\"]}}"}
{"op_code":5,"worker_id":"a4c647bf-1ab4-4036-88fa-783540f86eed-8372506432","trial_id":21,"param_name":"C","param_value_internal":9.611585312744504,"distribution":"{\"name\": \"FloatDistribution\", \"attributes\": {\"step\": null, \"low\": 1e-07, \"high\": 10.0, \"log\": true}}"}
{"op_code":6,"worker_id":"a4c647bf-1ab4-4036-88fa-783540f86eed-8372506432","trial_id":21,"state":1,"values":[0.7048229548229547],"datetime_complete":"2025-11-05T13:52:41.395325"}
{"op_code":4,"worker_id":"a4c647bf-1ab4-4036-88fa-783540f86eed-8372506432","study_id":0,"datetime_start":"2025-11-05T13:52:41.397977"}
{"op_code":5,"worker_id":"a4c647bf-1ab4-4036-88fa-783540f86eed-8372506432","trial_id":22,"param_name":"solver","param_value_internal":0,"distribution":"{\"name\": \"CategoricalDistribution\", \"attributes\": {\"choices\": [\"lbfgs\", \"liblinear\", \"newton-cg\"]}}"}
{"op_code":5,"worker_id":"a4c647bf-1ab4-4036-88fa-783540f86eed-8372506432","trial_id":22,"param_name":"C","param_value_internal":9.295742151646218,"distribution":"{\"name\": \"FloatDistribution\", \"attributes\": {\"step\": null, \"low\": 1e-07, \"high\": 10.0, \"log\": true}}"}
{"op_code":6,"worker_id":"a4c647bf-1ab4-4036-88fa-783540f86eed-8372506432","trial_id":22,"state":1,"values":[0.7048229548229547],"datetime_complete":"2025-11-05T13:52:49.943729"}
{"op_code":4,"worker_id":"a4c647bf-1ab4-4036-88fa-783540f86eed-8372506432","study_id":0,"datetime_start":"2025-11-05T13:52:49.946700"}
{"op_code":5,"worker_id":"a4c647bf-1ab4-4036-88fa-783540f86eed-8372506432","trial_id":23,"param_name":"solver","param_value_internal":0,"distribution":"{\"name\": \"CategoricalDistribution\", \"attributes\": {\"choices\": [\"lbfgs\", \"liblinear\", \"newton-cg\"]}}"}
{"op_code":5,"worker_id":"a4c647bf-1ab4-4036-88fa-783540f86eed-8372506432","trial_id":23,"param_name":"C","param_value_internal":7.911530615673926,"distribution":"{\"name\": \"FloatDistribution\", \"attributes\": {\"step\": null, \"low\": 1e-07, \"high\": 10.0, \"log\": true}}"}
{"op_code":6,"worker_id":"a4c647bf-1ab4-4036-88fa-783540f86eed-8372506432","trial_id":23,"state":1,"values":[0.7035510785510786],"datetime_complete":"2025-11-05T13:52:58.743742"}
{"op_code":4,"worker_id":"a4c647bf-1ab4-4036-88fa-783540f86eed-8372506432","study_id":0,"datetime_start":"2025-11-05T13:52:58.748347"}
{"op_code":5,"worker_id":"a4c647bf-1ab4-4036-88fa-783540f86eed-8372506432","trial_id":24,"param_name":"solver","param_value_internal":0,"distribution":"{\"name\": \"CategoricalDistribution\", \"attributes\": {\"choices\": [\"lbfgs\", \"liblinear\", \"newton-cg\"]}}"}
{"op_code":5,"worker_id":"a4c647bf-1ab4-4036-88fa-783540f86eed-8372506432","trial_id":24,"param_name":"C","param_value_internal":1.4443219299096826,"distribution":"{\"name\": \"FloatDistribution\", \"attributes\": {\"step\": null, \"low\": 1e-07, \"high\": 10.0, \"log\": true}}"}
{"op_code":6,"worker_id":"a4c647bf-1ab4-4036-88fa-783540f86eed-8372506432","trial_id":24,"state":1,"values":[0.690883190883191],"datetime_complete":"2025-11-05T13:53:07.497048"}
{"op_code":4,"worker_id":"a4c647bf-1ab4-4036-88fa-783540f86eed-8372506432","study_id":0,"datetime_start":"2025-11-05T13:53:07.500099"}
{"op_code":5,"worker_id":"a4c647bf-1ab4-4036-88fa-783540f86eed-8372506432","trial_id":25,"param_name":"solver","param_value_internal":0,"distribution":"{\"name\": \"CategoricalDistribution\", \"attributes\": {\"choices\": [\"lbfgs\", \"liblinear\", \"newton-cg\"]}}"}
{"op_code":5,"worker_id":"a4c647bf-1ab4-4036-88fa-783540f86eed-8372506432","trial_id":25,"param_name":"C","param_value_internal":1.2633957041350887,"distribution":"{\"name\": \"FloatDistribution\", \"attributes\": {\"step\": null, \"low\": 1e-07, \"high\": 10.0, \"log\": true}}"}
{"op_code":6,"worker_id":"a4c647bf-1ab4-4036-88fa-783540f86eed-8372506432","trial_id":25,"state":1,"values":[0.6902726902726903],"datetime_complete":"2025-11-05T13:53:16.187687"}
{"op_code":4,"worker_id":"a4c647bf-1ab4-4036-88fa-783540f86eed-8372506432","study_id":0,"datetime_start":"2025-11-05T13:53:16.190480"}
{"op_code":5,"worker_id":"a4c647bf-1ab4-4036-88fa-783540f86eed-8372506432","trial_id":26,"param_name":"solver","param_value_internal":2,"distribution":"{\"name\": \"CategoricalDistribution\", \"attributes\": {\"choices\": [\"lbfgs\", \"liblinear\", \"newton-cg\"]}}"}
{"op_code":5,"worker_id":"a4c647bf-1ab4-4036-88fa-783540f86eed-8372506432","trial_id":26,"param_name":"C","param_value_internal":8.199597533902228,"distribution":"{\"name\": \"FloatDistribution\", \"attributes\": {\"step\": null, \"low\": 1e-07, \"high\": 10.0, \"log\": true}}"}
{"op_code":6,"worker_id":"a4c647bf-1ab4-4036-88fa-783540f86eed-8372506432","trial_id":26,"state":1,"values":[0.704212454212454],"datetime_complete":"2025-11-05T13:53:24.760626"}
{"op_code":4,"worker_id":"a4c647bf-1ab4-4036-88fa-783540f86eed-8372506432","study_id":0,"datetime_start":"2025-11-05T13:53:24.763355"}
{"op_code":5,"worker_id":"a4c647bf-1ab4-4036-88fa-783540f86eed-8372506432","trial_id":27,"param_name":"solver","param_value_internal":0,"distribution":"{\"name\": \"CategoricalDistribution\", \"attributes\": {\"choices\": [\"lbfgs\", \"liblinear\", \"newton-cg\"]}}"}
{"op_code":5,"worker_id":"a4c647bf-1ab4-4036-88fa-783540f86eed-8372506432","trial_id":27,"param_name":"C","param_value_internal":0.10623447366204557,"distribution":"{\"name\": \"FloatDistribution\", \"attributes\": {\"step\": null, \"low\": 1e-07, \"high\": 10.0, \"log\": true}}"}
{"op_code":6,"worker_id":"a4c647bf-1ab4-4036-88fa-783540f86eed-8372506432","trial_id":27,"state":1,"values":[0.6814204314204314],"datetime_complete":"2025-11-05T13:53:33.449536"}
{"op_code":4,"worker_id":"a4c647bf-1ab4-4036-88fa-783540f86eed-8372506432","study_id":0,"datetime_start":"2025-11-05T13:53:33.452393"}
{"op_code":5,"worker_id":"a4c647bf-1ab4-4036-88fa-783540f86eed-8372506432","trial_id":28,"param_name":"solver","param_value_internal":0,"distribution":"{\"name\": \"CategoricalDistribution\", \"attributes\": {\"choices\": [\"lbfgs\", \"liblinear\", \"newton-cg\"]}}"}
{"op_code":5,"worker_id":"a4c647bf-1ab4-4036-88fa-783540f86eed-8372506432","trial_id":28,"param_name":"C","param_value_internal":2.0423370484004395,"distribution":"{\"name\": \"FloatDistribution\", \"attributes\": {\"step\": null, \"low\": 1e-07, \"high\": 10.0, \"log\": true}}"}
{"op_code":6,"worker_id":"a4c647bf-1ab4-4036-88fa-783540f86eed-8372506432","trial_id":28,"state":1,"values":[0.6941391941391942],"datetime_complete":"2025-11-05T13:53:42.230042"}
{"op_code":4,"worker_id":"a4c647bf-1ab4-4036-88fa-783540f86eed-8372506432","study_id":0,"datetime_start":"2025-11-05T13:53:42.233455"}
{"op_code":5,"worker_id":"a4c647bf-1ab4-4036-88fa-783540f86eed-8372506432","trial_id":29,"param_name":"solver","param_value_internal":2,"distribution":"{\"name\": \"CategoricalDistribution\", \"attributes\": {\"choices\": [\"lbfgs\", \"liblinear\", \"newton-cg\"]}}"}
{"op_code":5,"worker_id":"a4c647bf-1ab4-4036-88fa-783540f86eed-8372506432","trial_id":29,"param_name":"C","param_value_internal":0.012215097744769771,"distribution":"{\"name\": \"FloatDistribution\", \"attributes\": {\"step\": null, \"low\": 1e-07, \"high\": 10.0, \"log\": true}}"}
{"op_code":6,"worker_id":"a4c647bf-1ab4-4036-88fa-783540f86eed-8372506432","trial_id":29,"state":1,"values":[0.682081807081807],"datetime_complete":"2025-11-05T13:53:50.746443"}
{"op_code":4,"worker_id":"a4c647bf-1ab4-4036-88fa-783540f86eed-8372506432","study_id":0,"datetime_start":"2025-11-05T13:53:50.749261"}
{"op_code":5,"worker_id":"a4c647bf-1ab4-4036-88fa-783540f86eed-8372506432","trial_id":30,"param_name":"solver","param_value_internal":2,"distribution":"{\"name\": \"CategoricalDistribution\", \"attributes\": {\"choices\": [\"lbfgs\", \"liblinear\", \"newton-cg\"]}}"}
{"op_code":5,"worker_id":"a4c647bf-1ab4-4036-88fa-783540f86eed-8372506432","trial_id":30,"param_name":"C","param_value_internal":0.4520515061844165,"distribution":"{\"name\": \"FloatDistribution\", \"attributes\": {\"step\": null, \"low\": 1e-07, \"high\": 10.0, \"log\": true}}"}
{"op_code":6,"worker_id":"a4c647bf-1ab4-4036-88fa-783540f86eed-8372506432","trial_id":30,"state":1,"values":[0.6833028083028084],"datetime_complete":"2025-11-05T13:53:59.690199"}
{"op_code":4,"worker_id":"a4c647bf-1ab4-4036-88fa-783540f86eed-8372506432","study_id":0,"datetime_start":"2025-11-05T13:53:59.692686"}
{"op_code":5,"worker_id":"a4c647bf-1ab4-4036-88fa-783540f86eed-8372506432","trial_id":31,"param_name":"solver","param_value_internal":2,"distribution":"{\"name\": \"CategoricalDistribution\", \"attributes\": {\"choices\": [\"lbfgs\", \"liblinear\", \"newton-cg\"]}}"}
{"op_code":5,"worker_id":"a4c647bf-1ab4-4036-88fa-783540f86eed-8372506432","trial_id":31,"param_name":"C","param_value_internal":6.972481254834339,"distribution":"{\"name\": \"FloatDistribution\", \"attributes\": {\"step\": null, \"low\": 1e-07, \"high\": 10.0, \"log\": true}}"}
{"op_code":6,"worker_id":"a4c647bf-1ab4-4036-88fa-783540f86eed-8372506432","trial_id":31,"state":1,"values":[0.7028897028897028],"datetime_complete":"2025-11-05T13:54:08.425298"}
{"op_code":4,"worker_id":"a4c647bf-1ab4-4036-88fa-783540f86eed-8372506432","study_id":0,"datetime_start":"2025-11-05T13:54:08.428381"}
{"op_code":5,"worker_id":"a4c647bf-1ab4-4036-88fa-783540f86eed-8372506432","trial_id":32,"param_name":"solver","param_value_internal":2,"distribution":"{\"name\": \"CategoricalDistribution\", \"attributes\": {\"choices\": [\"lbfgs\", \"liblinear\", \"newton-cg\"]}}"}
{"op_code":5,"worker_id":"a4c647bf-1ab4-4036-88fa-783540f86eed-8372506432","trial_id":32,"param_name":"C","param_value_internal":3.1881166428782923,"distribution":"{\"name\": \"FloatDistribution\", \"attributes\": {\"step\": null, \"low\": 1e-07, \"high\": 10.0, \"log\": true}}"}
{"op_code":6,"worker_id":"a4c647bf-1ab4-4036-88fa-783540f86eed-8372506432","trial_id":32,"state":1,"values":[0.6984126984126986],"datetime_complete":"2025-11-05T13:54:17.188165"}
{"op_code":4,"worker_id":"a4c647bf-1ab4-4036-88fa-783540f86eed-8372506432","study_id":0,"datetime_start":"2025-11-05T13:54:17.191035"}
{"op_code":5,"worker_id":"a4c647bf-1ab4-4036-88fa-783540f86eed-8372506432","trial_id":33,"param_name":"solver","param_value_internal":2,"distribution":"{\"name\": \"CategoricalDistribution\", \"attributes\": {\"choices\": [\"lbfgs\", \"liblinear\", \"newton-cg\"]}}"}
{"op_code":5,"worker_id":"a4c647bf-1ab4-4036-88fa-783540f86eed-8372506432","trial_id":33,"param_name":"C","param_value_internal":9.534113927877677,"distribution":"{\"name\": \"FloatDistribution\", \"attributes\": {\"step\": null, \"low\": 1e-07, \"high\": 10.0, \"log\": true}}"}
{"op_code":6,"worker_id":"a4c647bf-1ab4-4036-88fa-783540f86eed-8372506432","trial_id":33,"state":1,"values":[0.7048229548229547],"datetime_complete":"2025-11-05T13:54:25.805539"}
{"op_code":4,"worker_id":"a4c647bf-1ab4-4036-88fa-783540f86eed-8372506432","study_id":0,"datetime_start":"2025-11-05T13:54:25.808272"}
{"op_code":5,"worker_id":"a4c647bf-1ab4-4036-88fa-783540f86eed-8372506432","trial_id":34,"param_name":"solver","param_value_internal":2,"distribution":"{\"name\": \"CategoricalDistribution\", \"attributes\": {\"choices\": [\"lbfgs\", \"liblinear\", \"newton-cg\"]}}"}
{"op_code":5,"worker_id":"a4c647bf-1ab4-4036-88fa-783540f86eed-8372506432","trial_id":34,"param_name":"C","param_value_internal":0.5757557878316739,"distribution":"{\"name\": \"FloatDistribution\", \"attributes\": {\"step\": null, \"low\": 1e-07, \"high\": 10.0, \"log\": true}}"}
{"op_code":6,"worker_id":"a4c647bf-1ab4-4036-88fa-783540f86eed-8372506432","trial_id":34,"state":1,"values":[0.6858465608465609],"datetime_complete":"2025-11-05T13:54:34.632200"}
{"op_code":4,"worker_id":"a4c647bf-1ab4-4036-88fa-783540f86eed-8372506432","study_id":0,"datetime_start":"2025-11-05T13:54:34.635498"}
{"op_code":5,"worker_id":"a4c647bf-1ab4-4036-88fa-783540f86eed-8372506432","trial_id":35,"param_name":"solver","param_value_internal":2,"distribution":"{\"name\": \"CategoricalDistribution\", \"attributes\": {\"choices\": [\"lbfgs\", \"liblinear\", \"newton-cg\"]}}"}
{"op_code":5,"worker_id":"a4c647bf-1ab4-4036-88fa-783540f86eed-8372506432","trial_id":35,"param_name":"C","param_value_internal":2.715741806546173,"distribution":"{\"name\": \"FloatDistribution\", \"attributes\": {\"step\": null, \"low\": 1e-07, \"high\": 10.0, \"log\": true}}"}
{"op_code":6,"worker_id":"a4c647bf-1ab4-4036-88fa-783540f86eed-8372506432","trial_id":35,"state":1,"values":[0.6952584452584453],"datetime_complete":"2025-11-05T13:54:43.513487"}
{"op_code":4,"worker_id":"a4c647bf-1ab4-4036-88fa-783540f86eed-8372506432","study_id":0,"datetime_start":"2025-11-05T13:54:43.516533"}
{"op_code":5,"worker_id":"a4c647bf-1ab4-4036-88fa-783540f86eed-8372506432","trial_id":36,"param_name":"solver","param_value_internal":2,"distribution":"{\"name\": \"CategoricalDistribution\", \"attributes\": {\"choices\": [\"lbfgs\", \"liblinear\", \"newton-cg\"]}}"}
{"op_code":5,"worker_id":"a4c647bf-1ab4-4036-88fa-783540f86eed-8372506432","trial_id":36,"param_name":"C","param_value_internal":0.07562212253200018,"distribution":"{\"name\": \"FloatDistribution\", \"attributes\": {\"step\": null, \"low\": 1e-07, \"high\": 10.0, \"log\": true}}"}
{"op_code":6,"worker_id":"a4c647bf-1ab4-4036-88fa-783540f86eed-8372506432","trial_id":36,"state":1,"values":[0.6814204314204314],"datetime_complete":"2025-11-05T13:54:52.151981"}
{"op_code":4,"worker_id":"a4c647bf-1ab4-4036-88fa-783540f86eed-8372506432","study_id":0,"datetime_start":"2025-11-05T13:54:52.155492"}
{"op_code":5,"worker_id":"a4c647bf-1ab4-4036-88fa-783540f86eed-8372506432","trial_id":37,"param_name":"solver","param_value_internal":0,"distribution":"{\"name\": \"CategoricalDistribution\", \"attributes\": {\"choices\": [\"lbfgs\", \"liblinear\", \"newton-cg\"]}}"}
{"op_code":5,"worker_id":"a4c647bf-1ab4-4036-88fa-783540f86eed-8372506432","trial_id":37,"param_name":"C","param_value_internal":3.3524306993389437,"distribution":"{\"name\": \"FloatDistribution\", \"attributes\": {\"step\": null, \"low\": 1e-07, \"high\": 10.0, \"log\": true}}"}
{"op_code":6,"worker_id":"a4c647bf-1ab4-4036-88fa-783540f86eed-8372506432","trial_id":37,"state":1,"values":[0.6990740740740741],"datetime_complete":"2025-11-05T13:55:00.850610"}
{"op_code":4,"worker_id":"a4c647bf-1ab4-4036-88fa-783540f86eed-8372506432","study_id":0,"datetime_start":"2025-11-05T13:55:00.853525"}
{"op_code":5,"worker_id":"a4c647bf-1ab4-4036-88fa-783540f86eed-8372506432","trial_id":38,"param_name":"solver","param_value_internal":2,"distribution":"{\"name\": \"CategoricalDistribution\", \"attributes\": {\"choices\": [\"lbfgs\", \"liblinear\", \"newton-cg\"]}}"}
{"op_code":5,"worker_id":"a4c647bf-1ab4-4036-88fa-783540f86eed-8372506432","trial_id":38,"param_name":"C","param_value_internal":9.456389960167604,"distribution":"{\"name\": \"FloatDistribution\", \"attributes\": {\"step\": null, \"low\": 1e-07, \"high\": 10.0, \"log\": true}}"}
{"op_code":6,"worker_id":"a4c647bf-1ab4-4036-88fa-783540f86eed-8372506432","trial_id":38,"state":1,"values":[0.7048229548229547],"datetime_complete":"2025-11-05T13:55:09.656897"}
{"op_code":4,"worker_id":"a4c647bf-1ab4-4036-88fa-783540f86eed-8372506432","study_id":0,"datetime_start":"2025-11-05T13:55:09.659620"}
{"op_code":5,"worker_id":"a4c647bf-1ab4-4036-88fa-783540f86eed-8372506432","trial_id":39,"param_name":"solver","param_value_internal":0,"distribution":"{\"name\": \"CategoricalDistribution\", \"attributes\": {\"choices\": [\"lbfgs\", \"liblinear\", \"newton-cg\"]}}"}
{"op_code":5,"worker_id":"a4c647bf-1ab4-4036-88fa-783540f86eed-8372506432","trial_id":39,"param_name":"C","param_value_internal":0.00010819760964982194,"distribution":"{\"name\": \"FloatDistribution\", \"attributes\": {\"step\": null, \"low\": 1e-07, \"high\": 10.0, \"log\": true}}"}
{"op_code":6,"worker_id":"a4c647bf-1ab4-4036-88fa-783540f86eed-8372506432","trial_id":39,"state":1,"values":[0.6808608058608058],"datetime_complete":"2025-11-05T13:55:18.359633"}
{"op_code":4,"worker_id":"a4c647bf-1ab4-4036-88fa-783540f86eed-8372506432","study_id":0,"datetime_start":"2025-11-05T13:55:18.363151"}
{"op_code":5,"worker_id":"a4c647bf-1ab4-4036-88fa-783540f86eed-8372506432","trial_id":40,"param_name":"solver","param_value_internal":2,"distribution":"{\"name\": \"CategoricalDistribution\", \"attributes\": {\"choices\": [\"lbfgs\", \"liblinear\", \"newton-cg\"]}}"}
{"op_code":5,"worker_id":"a4c647bf-1ab4-4036-88fa-783540f86eed-8372506432","trial_id":40,"param_name":"C","param_value_internal":0.5937575609897646,"distribution":"{\"name\": \"FloatDistribution\", \"attributes\": {\"step\": null, \"low\": 1e-07, \"high\": 10.0, \"log\": true}}"}
{"op_code":6,"worker_id":"a4c647bf-1ab4-4036-88fa-783540f86eed-8372506432","trial_id":40,"state":1,"values":[0.6865079365079366],"datetime_complete":"2025-11-05T13:55:27.055721"}
